[2017-04-20 09:16:30] production.ERROR: exception 'PDOException' with message 'SQLSTATE[42S22]: Column not found: 1054 Unknown column 'email' in 'order'' in D:\xampp\htdocs\myappnewnew\migration\vendor\laravel\framework\src\Illuminate\Database\Connection.php:369
Stack trace:
#0 D:\xampp\htdocs\myappnewnew\migration\vendor\laravel\framework\src\Illuminate\Database\Connection.php(369): PDOStatement->execute(Array)
#1 D:\xampp\htdocs\myappnewnew\migration\vendor\laravel\framework\src\Illuminate\Database\Connection.php(623): Illuminate\Database\Connection->Illuminate\Database\{closure}(Object(Illuminate\Database\MySqlConnection), 'alter table `or...', Array)
#2 D:\xampp\htdocs\myappnewnew\migration\vendor\laravel\framework\src\Illuminate\Database\Connection.php(587): Illuminate\Database\Connection->runQueryCallback('alter table `or...', Array, Object(Closure))
#3 D:\xampp\htdocs\myappnewnew\migration\vendor\laravel\framework\src\Illuminate\Database\Connection.php(370): Illuminate\Database\Connection->run('alter table `or...', Array, Object(Closure))
#4 D:\xampp\htdocs\myappnewnew\migration\vendor\laravel\framework\src\Illuminate\Database\Schema\Blueprint.php(63): Illuminate\Database\Connection->statement('alter table `or...')
#5 D:\xampp\htdocs\myappnewnew\migration\vendor\laravel\framework\src\Illuminate\Database\Schema\Builder.php(169): Illuminate\Database\Schema\Blueprint->build(Object(Illuminate\Database\MySqlConnection), Object(Illuminate\Database\Schema\Grammars\MySqlGrammar))
#6 D:\xampp\htdocs\myappnewnew\migration\vendor\laravel\framework\src\Illuminate\Database\Schema\Builder.php(94): Illuminate\Database\Schema\Builder->build(Object(Illuminate\Database\Schema\Blueprint))
#7 D:\xampp\htdocs\myappnewnew\migration\bootstrap\compiled.php(1452): Illuminate\Database\Schema\Builder->table('order', Object(Closure))
#8 D:\xampp\htdocs\myappnewnew\migration\app\database\migrations\2017_04_20_082104_update_order_table.php(23): Illuminate\Support\Facades\Facade::__callStatic('table', Array)
#9 D:\xampp\htdocs\myappnewnew\migration\app\database\migrations\2017_04_20_082104_update_order_table.php(23): Illuminate\Support\Facades\Schema::table('order', Object(Closure))
#10 D:\xampp\htdocs\myappnewnew\migration\vendor\laravel\framework\src\Illuminate\Database\Migrations\Migrator.php(135): UpdateOrderTable->up()
#11 D:\xampp\htdocs\myappnewnew\migration\vendor\laravel\framework\src\Illuminate\Database\Migrations\Migrator.php(111): Illuminate\Database\Migrations\Migrator->runUp('2017_04_20_0821...', 2, false)
#12 D:\xampp\htdocs\myappnewnew\migration\vendor\laravel\framework\src\Illuminate\Database\Migrations\Migrator.php(82): Illuminate\Database\Migrations\Migrator->runMigrationList(Array, false)
#13 D:\xampp\htdocs\myappnewnew\migration\vendor\laravel\framework\src\Illuminate\Database\Console\Migrations\MigrateCommand.php(70): Illuminate\Database\Migrations\Migrator->run('D:\\xampp\\htdocs...', false)
#14 D:\xampp\htdocs\myappnewnew\migration\vendor\laravel\framework\src\Illuminate\Console\Command.php(112): Illuminate\Database\Console\Migrations\MigrateCommand->fire()
#15 D:\xampp\htdocs\myappnewnew\migration\vendor\symfony\console\Command\Command.php(261): Illuminate\Console\Command->execute(Object(Symfony\Component\Console\Input\ArgvInput), Object(Symfony\Component\Console\Output\ConsoleOutput))
#16 D:\xampp\htdocs\myappnewnew\migration\vendor\laravel\framework\src\Illuminate\Console\Command.php(100): Symfony\Component\Console\Command\Command->run(Object(Symfony\Component\Console\Input\ArgvInput), Object(Symfony\Component\Console\Output\ConsoleOutput))
#17 D:\xampp\htdocs\myappnewnew\migration\vendor\symfony\console\Application.php(843): Illuminate\Console\Command->run(Object(Symfony\Component\Console\Input\ArgvInput), Object(Symfony\Component\Console\Output\ConsoleOutput))
#18 D:\xampp\htdocs\myappnewnew\migration\vendor\symfony\console\Application.php(189): Symfony\Component\Console\Application->doRunCommand(Object(Illuminate\Database\Console\Migrations\MigrateCommand), Object(Symfony\Component\Console\Input\ArgvInput), Object(Symfony\Component\Console\Output\ConsoleOutput))
#19 D:\xampp\htdocs\myappnewnew\migration\vendor\symfony\console\Application.php(120): Symfony\Component\Console\Application->doRun(Object(Symfony\Component\Console\Input\ArgvInput), Object(Symfony\Component\Console\Output\ConsoleOutput))
#20 D:\xampp\htdocs\myappnewnew\migration\artisan(59): Symfony\Component\Console\Application->run()
#21 {main}

Next exception 'Illuminate\Database\QueryException' with message 'SQLSTATE[42S22]: Column not found: 1054 Unknown column 'email' in 'order' (SQL: alter table `order` add `customer_email` varchar(225) not null after `email`)' in D:\xampp\htdocs\myappnewnew\migration\vendor\laravel\framework\src\Illuminate\Database\Connection.php:631
Stack trace:
#0 D:\xampp\htdocs\myappnewnew\migration\vendor\laravel\framework\src\Illuminate\Database\Connection.php(587): Illuminate\Database\Connection->runQueryCallback('alter table `or...', Array, Object(Closure))
#1 D:\xampp\htdocs\myappnewnew\migration\vendor\laravel\framework\src\Illuminate\Database\Connection.php(370): Illuminate\Database\Connection->run('alter table `or...', Array, Object(Closure))
#2 D:\xampp\htdocs\myappnewnew\migration\vendor\laravel\framework\src\Illuminate\Database\Schema\Blueprint.php(63): Illuminate\Database\Connection->statement('alter table `or...')
#3 D:\xampp\htdocs\myappnewnew\migration\vendor\laravel\framework\src\Illuminate\Database\Schema\Builder.php(169): Illuminate\Database\Schema\Blueprint->build(Object(Illuminate\Database\MySqlConnection), Object(Illuminate\Database\Schema\Grammars\MySqlGrammar))
#4 D:\xampp\htdocs\myappnewnew\migration\vendor\laravel\framework\src\Illuminate\Database\Schema\Builder.php(94): Illuminate\Database\Schema\Builder->build(Object(Illuminate\Database\Schema\Blueprint))
#5 D:\xampp\htdocs\myappnewnew\migration\bootstrap\compiled.php(1452): Illuminate\Database\Schema\Builder->table('order', Object(Closure))
#6 D:\xampp\htdocs\myappnewnew\migration\app\database\migrations\2017_04_20_082104_update_order_table.php(23): Illuminate\Support\Facades\Facade::__callStatic('table', Array)
#7 D:\xampp\htdocs\myappnewnew\migration\app\database\migrations\2017_04_20_082104_update_order_table.php(23): Illuminate\Support\Facades\Schema::table('order', Object(Closure))
#8 D:\xampp\htdocs\myappnewnew\migration\vendor\laravel\framework\src\Illuminate\Database\Migrations\Migrator.php(135): UpdateOrderTable->up()
#9 D:\xampp\htdocs\myappnewnew\migration\vendor\laravel\framework\src\Illuminate\Database\Migrations\Migrator.php(111): Illuminate\Database\Migrations\Migrator->runUp('2017_04_20_0821...', 2, false)
#10 D:\xampp\htdocs\myappnewnew\migration\vendor\laravel\framework\src\Illuminate\Database\Migrations\Migrator.php(82): Illuminate\Database\Migrations\Migrator->runMigrationList(Array, false)
#11 D:\xampp\htdocs\myappnewnew\migration\vendor\laravel\framework\src\Illuminate\Database\Console\Migrations\MigrateCommand.php(70): Illuminate\Database\Migrations\Migrator->run('D:\\xampp\\htdocs...', false)
#12 D:\xampp\htdocs\myappnewnew\migration\vendor\laravel\framework\src\Illuminate\Console\Command.php(112): Illuminate\Database\Console\Migrations\MigrateCommand->fire()
#13 D:\xampp\htdocs\myappnewnew\migration\vendor\symfony\console\Command\Command.php(261): Illuminate\Console\Command->execute(Object(Symfony\Component\Console\Input\ArgvInput), Object(Symfony\Component\Console\Output\ConsoleOutput))
#14 D:\xampp\htdocs\myappnewnew\migration\vendor\laravel\framework\src\Illuminate\Console\Command.php(100): Symfony\Component\Console\Command\Command->run(Object(Symfony\Component\Console\Input\ArgvInput), Object(Symfony\Component\Console\Output\ConsoleOutput))
#15 D:\xampp\htdocs\myappnewnew\migration\vendor\symfony\console\Application.php(843): Illuminate\Console\Command->run(Object(Symfony\Component\Console\Input\ArgvInput), Object(Symfony\Component\Console\Output\ConsoleOutput))
#16 D:\xampp\htdocs\myappnewnew\migration\vendor\symfony\console\Application.php(189): Symfony\Component\Console\Application->doRunCommand(Object(Illuminate\Database\Console\Migrations\MigrateCommand), Object(Symfony\Component\Console\Input\ArgvInput), Object(Symfony\Component\Console\Output\ConsoleOutput))
#17 D:\xampp\htdocs\myappnewnew\migration\vendor\symfony\console\Application.php(120): Symfony\Component\Console\Application->doRun(Object(Symfony\Component\Console\Input\ArgvInput), Object(Symfony\Component\Console\Output\ConsoleOutput))
#18 D:\xampp\htdocs\myappnewnew\migration\artisan(59): Symfony\Component\Console\Application->run()
#19 {main} [] []
[2017-04-20 09:19:00] production.ERROR: exception 'PDOException' with message 'SQLSTATE[42000]: Syntax error or access violation: 1075 Incorrect table definition; there can be only one auto column and it must be defined as a key' in D:\xampp\htdocs\myappnewnew\migration\vendor\laravel\framework\src\Illuminate\Database\Connection.php:369
Stack trace:
#0 D:\xampp\htdocs\myappnewnew\migration\vendor\laravel\framework\src\Illuminate\Database\Connection.php(369): PDOStatement->execute(Array)
#1 D:\xampp\htdocs\myappnewnew\migration\vendor\laravel\framework\src\Illuminate\Database\Connection.php(623): Illuminate\Database\Connection->Illuminate\Database\{closure}(Object(Illuminate\Database\MySqlConnection), 'alter table `or...', Array)
#2 D:\xampp\htdocs\myappnewnew\migration\vendor\laravel\framework\src\Illuminate\Database\Connection.php(587): Illuminate\Database\Connection->runQueryCallback('alter table `or...', Array, Object(Closure))
#3 D:\xampp\htdocs\myappnewnew\migration\vendor\laravel\framework\src\Illuminate\Database\Connection.php(370): Illuminate\Database\Connection->run('alter table `or...', Array, Object(Closure))
#4 D:\xampp\htdocs\myappnewnew\migration\vendor\laravel\framework\src\Illuminate\Database\Schema\Blueprint.php(63): Illuminate\Database\Connection->statement('alter table `or...')
#5 D:\xampp\htdocs\myappnewnew\migration\vendor\laravel\framework\src\Illuminate\Database\Schema\Builder.php(169): Illuminate\Database\Schema\Blueprint->build(Object(Illuminate\Database\MySqlConnection), Object(Illuminate\Database\Schema\Grammars\MySqlGrammar))
#6 D:\xampp\htdocs\myappnewnew\migration\vendor\laravel\framework\src\Illuminate\Database\Schema\Builder.php(94): Illuminate\Database\Schema\Builder->build(Object(Illuminate\Database\Schema\Blueprint))
#7 D:\xampp\htdocs\myappnewnew\migration\bootstrap\compiled.php(1452): Illuminate\Database\Schema\Builder->table('order', Object(Closure))
#8 D:\xampp\htdocs\myappnewnew\migration\app\database\migrations\2017_04_20_091752_update_order_table_customer_info.php(20): Illuminate\Support\Facades\Facade::__callStatic('table', Array)
#9 D:\xampp\htdocs\myappnewnew\migration\app\database\migrations\2017_04_20_091752_update_order_table_customer_info.php(20): Illuminate\Support\Facades\Schema::table('order', Object(Closure))
#10 D:\xampp\htdocs\myappnewnew\migration\vendor\laravel\framework\src\Illuminate\Database\Migrations\Migrator.php(135): UpdateOrderTableCustomerInfo->up()
#11 D:\xampp\htdocs\myappnewnew\migration\vendor\laravel\framework\src\Illuminate\Database\Migrations\Migrator.php(111): Illuminate\Database\Migrations\Migrator->runUp('2017_04_20_0917...', 3, false)
#12 D:\xampp\htdocs\myappnewnew\migration\vendor\laravel\framework\src\Illuminate\Database\Migrations\Migrator.php(82): Illuminate\Database\Migrations\Migrator->runMigrationList(Array, false)
#13 D:\xampp\htdocs\myappnewnew\migration\vendor\laravel\framework\src\Illuminate\Database\Console\Migrations\MigrateCommand.php(70): Illuminate\Database\Migrations\Migrator->run('D:\\xampp\\htdocs...', false)
#14 D:\xampp\htdocs\myappnewnew\migration\vendor\laravel\framework\src\Illuminate\Console\Command.php(112): Illuminate\Database\Console\Migrations\MigrateCommand->fire()
#15 D:\xampp\htdocs\myappnewnew\migration\vendor\symfony\console\Command\Command.php(261): Illuminate\Console\Command->execute(Object(Symfony\Component\Console\Input\ArgvInput), Object(Symfony\Component\Console\Output\ConsoleOutput))
#16 D:\xampp\htdocs\myappnewnew\migration\vendor\laravel\framework\src\Illuminate\Console\Command.php(100): Symfony\Component\Console\Command\Command->run(Object(Symfony\Component\Console\Input\ArgvInput), Object(Symfony\Component\Console\Output\ConsoleOutput))
#17 D:\xampp\htdocs\myappnewnew\migration\vendor\symfony\console\Application.php(843): Illuminate\Console\Command->run(Object(Symfony\Component\Console\Input\ArgvInput), Object(Symfony\Component\Console\Output\ConsoleOutput))
#18 D:\xampp\htdocs\myappnewnew\migration\vendor\symfony\console\Application.php(189): Symfony\Component\Console\Application->doRunCommand(Object(Illuminate\Database\Console\Migrations\MigrateCommand), Object(Symfony\Component\Console\Input\ArgvInput), Object(Symfony\Component\Console\Output\ConsoleOutput))
#19 D:\xampp\htdocs\myappnewnew\migration\vendor\symfony\console\Application.php(120): Symfony\Component\Console\Application->doRun(Object(Symfony\Component\Console\Input\ArgvInput), Object(Symfony\Component\Console\Output\ConsoleOutput))
#20 D:\xampp\htdocs\myappnewnew\migration\artisan(59): Symfony\Component\Console\Application->run()
#21 {main}

Next exception 'Illuminate\Database\QueryException' with message 'SQLSTATE[42000]: Syntax error or access violation: 1075 Incorrect table definition; there can be only one auto column and it must be defined as a key (SQL: alter table `order` add `customer_firstname` varchar(225) not null after `customer_email`, add `customer_lastname` varchar(225) not null after `customer_firstname`, add `customer_dob` datetime not null after `customer_lastname`, add `customer_gender` int not null auto_increment primary key after `customer_dob`)' in D:\xampp\htdocs\myappnewnew\migration\vendor\laravel\framework\src\Illuminate\Database\Connection.php:631
Stack trace:
#0 D:\xampp\htdocs\myappnewnew\migration\vendor\laravel\framework\src\Illuminate\Database\Connection.php(587): Illuminate\Database\Connection->runQueryCallback('alter table `or...', Array, Object(Closure))
#1 D:\xampp\htdocs\myappnewnew\migration\vendor\laravel\framework\src\Illuminate\Database\Connection.php(370): Illuminate\Database\Connection->run('alter table `or...', Array, Object(Closure))
#2 D:\xampp\htdocs\myappnewnew\migration\vendor\laravel\framework\src\Illuminate\Database\Schema\Blueprint.php(63): Illuminate\Database\Connection->statement('alter table `or...')
#3 D:\xampp\htdocs\myappnewnew\migration\vendor\laravel\framework\src\Illuminate\Database\Schema\Builder.php(169): Illuminate\Database\Schema\Blueprint->build(Object(Illuminate\Database\MySqlConnection), Object(Illuminate\Database\Schema\Grammars\MySqlGrammar))
#4 D:\xampp\htdocs\myappnewnew\migration\vendor\laravel\framework\src\Illuminate\Database\Schema\Builder.php(94): Illuminate\Database\Schema\Builder->build(Object(Illuminate\Database\Schema\Blueprint))
#5 D:\xampp\htdocs\myappnewnew\migration\bootstrap\compiled.php(1452): Illuminate\Database\Schema\Builder->table('order', Object(Closure))
#6 D:\xampp\htdocs\myappnewnew\migration\app\database\migrations\2017_04_20_091752_update_order_table_customer_info.php(20): Illuminate\Support\Facades\Facade::__callStatic('table', Array)
#7 D:\xampp\htdocs\myappnewnew\migration\app\database\migrations\2017_04_20_091752_update_order_table_customer_info.php(20): Illuminate\Support\Facades\Schema::table('order', Object(Closure))
#8 D:\xampp\htdocs\myappnewnew\migration\vendor\laravel\framework\src\Illuminate\Database\Migrations\Migrator.php(135): UpdateOrderTableCustomerInfo->up()
#9 D:\xampp\htdocs\myappnewnew\migration\vendor\laravel\framework\src\Illuminate\Database\Migrations\Migrator.php(111): Illuminate\Database\Migrations\Migrator->runUp('2017_04_20_0917...', 3, false)
#10 D:\xampp\htdocs\myappnewnew\migration\vendor\laravel\framework\src\Illuminate\Database\Migrations\Migrator.php(82): Illuminate\Database\Migrations\Migrator->runMigrationList(Array, false)
#11 D:\xampp\htdocs\myappnewnew\migration\vendor\laravel\framework\src\Illuminate\Database\Console\Migrations\MigrateCommand.php(70): Illuminate\Database\Migrations\Migrator->run('D:\\xampp\\htdocs...', false)
#12 D:\xampp\htdocs\myappnewnew\migration\vendor\laravel\framework\src\Illuminate\Console\Command.php(112): Illuminate\Database\Console\Migrations\MigrateCommand->fire()
#13 D:\xampp\htdocs\myappnewnew\migration\vendor\symfony\console\Command\Command.php(261): Illuminate\Console\Command->execute(Object(Symfony\Component\Console\Input\ArgvInput), Object(Symfony\Component\Console\Output\ConsoleOutput))
#14 D:\xampp\htdocs\myappnewnew\migration\vendor\laravel\framework\src\Illuminate\Console\Command.php(100): Symfony\Component\Console\Command\Command->run(Object(Symfony\Component\Console\Input\ArgvInput), Object(Symfony\Component\Console\Output\ConsoleOutput))
#15 D:\xampp\htdocs\myappnewnew\migration\vendor\symfony\console\Application.php(843): Illuminate\Console\Command->run(Object(Symfony\Component\Console\Input\ArgvInput), Object(Symfony\Component\Console\Output\ConsoleOutput))
#16 D:\xampp\htdocs\myappnewnew\migration\vendor\symfony\console\Application.php(189): Symfony\Component\Console\Application->doRunCommand(Object(Illuminate\Database\Console\Migrations\MigrateCommand), Object(Symfony\Component\Console\Input\ArgvInput), Object(Symfony\Component\Console\Output\ConsoleOutput))
#17 D:\xampp\htdocs\myappnewnew\migration\vendor\symfony\console\Application.php(120): Symfony\Component\Console\Application->doRun(Object(Symfony\Component\Console\Input\ArgvInput), Object(Symfony\Component\Console\Output\ConsoleOutput))
#18 D:\xampp\htdocs\myappnewnew\migration\artisan(59): Symfony\Component\Console\Application->run()
#19 {main} [] []
[2017-04-20 11:20:40] production.ERROR: exception 'PDOException' with message 'SQLSTATE[42S21]: Column already exists: 1060 Duplicate column name 'customer_firstname'' in D:\xampp\htdocs\myappnewnew\migration\vendor\laravel\framework\src\Illuminate\Database\Connection.php:369
Stack trace:
#0 D:\xampp\htdocs\myappnewnew\migration\vendor\laravel\framework\src\Illuminate\Database\Connection.php(369): PDOStatement->execute(Array)
#1 D:\xampp\htdocs\myappnewnew\migration\vendor\laravel\framework\src\Illuminate\Database\Connection.php(623): Illuminate\Database\Connection->Illuminate\Database\{closure}(Object(Illuminate\Database\MySqlConnection), 'alter table `or...', Array)
#2 D:\xampp\htdocs\myappnewnew\migration\vendor\laravel\framework\src\Illuminate\Database\Connection.php(587): Illuminate\Database\Connection->runQueryCallback('alter table `or...', Array, Object(Closure))
#3 D:\xampp\htdocs\myappnewnew\migration\vendor\laravel\framework\src\Illuminate\Database\Connection.php(370): Illuminate\Database\Connection->run('alter table `or...', Array, Object(Closure))
#4 D:\xampp\htdocs\myappnewnew\migration\vendor\laravel\framework\src\Illuminate\Database\Schema\Blueprint.php(63): Illuminate\Database\Connection->statement('alter table `or...')
#5 D:\xampp\htdocs\myappnewnew\migration\vendor\laravel\framework\src\Illuminate\Database\Schema\Builder.php(169): Illuminate\Database\Schema\Blueprint->build(Object(Illuminate\Database\MySqlConnection), Object(Illuminate\Database\Schema\Grammars\MySqlGrammar))
#6 D:\xampp\htdocs\myappnewnew\migration\vendor\laravel\framework\src\Illuminate\Database\Schema\Builder.php(94): Illuminate\Database\Schema\Builder->build(Object(Illuminate\Database\Schema\Blueprint))
#7 D:\xampp\htdocs\myappnewnew\migration\bootstrap\compiled.php(1452): Illuminate\Database\Schema\Builder->table('order', Object(Closure))
#8 D:\xampp\htdocs\myappnewnew\migration\app\database\migrations\2017_04_20_111815_checking_field_type.php(20): Illuminate\Support\Facades\Facade::__callStatic('table', Array)
#9 D:\xampp\htdocs\myappnewnew\migration\app\database\migrations\2017_04_20_111815_checking_field_type.php(20): Illuminate\Support\Facades\Schema::table('order', Object(Closure))
#10 D:\xampp\htdocs\myappnewnew\migration\vendor\laravel\framework\src\Illuminate\Database\Migrations\Migrator.php(135): CheckingFieldType->up()
#11 D:\xampp\htdocs\myappnewnew\migration\vendor\laravel\framework\src\Illuminate\Database\Migrations\Migrator.php(111): Illuminate\Database\Migrations\Migrator->runUp('2017_04_20_1118...', 4, false)
#12 D:\xampp\htdocs\myappnewnew\migration\vendor\laravel\framework\src\Illuminate\Database\Migrations\Migrator.php(82): Illuminate\Database\Migrations\Migrator->runMigrationList(Array, false)
#13 D:\xampp\htdocs\myappnewnew\migration\vendor\laravel\framework\src\Illuminate\Database\Console\Migrations\MigrateCommand.php(70): Illuminate\Database\Migrations\Migrator->run('D:\\xampp\\htdocs...', false)
#14 D:\xampp\htdocs\myappnewnew\migration\vendor\laravel\framework\src\Illuminate\Console\Command.php(112): Illuminate\Database\Console\Migrations\MigrateCommand->fire()
#15 D:\xampp\htdocs\myappnewnew\migration\vendor\symfony\console\Command\Command.php(261): Illuminate\Console\Command->execute(Object(Symfony\Component\Console\Input\ArgvInput), Object(Symfony\Component\Console\Output\ConsoleOutput))
#16 D:\xampp\htdocs\myappnewnew\migration\vendor\laravel\framework\src\Illuminate\Console\Command.php(100): Symfony\Component\Console\Command\Command->run(Object(Symfony\Component\Console\Input\ArgvInput), Object(Symfony\Component\Console\Output\ConsoleOutput))
#17 D:\xampp\htdocs\myappnewnew\migration\vendor\symfony\console\Application.php(843): Illuminate\Console\Command->run(Object(Symfony\Component\Console\Input\ArgvInput), Object(Symfony\Component\Console\Output\ConsoleOutput))
#18 D:\xampp\htdocs\myappnewnew\migration\vendor\symfony\console\Application.php(189): Symfony\Component\Console\Application->doRunCommand(Object(Illuminate\Database\Console\Migrations\MigrateCommand), Object(Symfony\Component\Console\Input\ArgvInput), Object(Symfony\Component\Console\Output\ConsoleOutput))
#19 D:\xampp\htdocs\myappnewnew\migration\vendor\symfony\console\Application.php(120): Symfony\Component\Console\Application->doRun(Object(Symfony\Component\Console\Input\ArgvInput), Object(Symfony\Component\Console\Output\ConsoleOutput))
#20 D:\xampp\htdocs\myappnewnew\migration\artisan(59): Symfony\Component\Console\Application->run()
#21 {main}

Next exception 'Illuminate\Database\QueryException' with message 'SQLSTATE[42S21]: Column already exists: 1060 Duplicate column name 'customer_firstname' (SQL: alter table `order` add `customer_firstname` varchar(225) not null after `customer_email`, add `customer_lastname` varchar(225) not null after `customer_firstname`, add `customer_dob` datetime not null after `customer_lastname`, add `customer_gender` int not null after `customer_dob`)' in D:\xampp\htdocs\myappnewnew\migration\vendor\laravel\framework\src\Illuminate\Database\Connection.php:631
Stack trace:
#0 D:\xampp\htdocs\myappnewnew\migration\vendor\laravel\framework\src\Illuminate\Database\Connection.php(587): Illuminate\Database\Connection->runQueryCallback('alter table `or...', Array, Object(Closure))
#1 D:\xampp\htdocs\myappnewnew\migration\vendor\laravel\framework\src\Illuminate\Database\Connection.php(370): Illuminate\Database\Connection->run('alter table `or...', Array, Object(Closure))
#2 D:\xampp\htdocs\myappnewnew\migration\vendor\laravel\framework\src\Illuminate\Database\Schema\Blueprint.php(63): Illuminate\Database\Connection->statement('alter table `or...')
#3 D:\xampp\htdocs\myappnewnew\migration\vendor\laravel\framework\src\Illuminate\Database\Schema\Builder.php(169): Illuminate\Database\Schema\Blueprint->build(Object(Illuminate\Database\MySqlConnection), Object(Illuminate\Database\Schema\Grammars\MySqlGrammar))
#4 D:\xampp\htdocs\myappnewnew\migration\vendor\laravel\framework\src\Illuminate\Database\Schema\Builder.php(94): Illuminate\Database\Schema\Builder->build(Object(Illuminate\Database\Schema\Blueprint))
#5 D:\xampp\htdocs\myappnewnew\migration\bootstrap\compiled.php(1452): Illuminate\Database\Schema\Builder->table('order', Object(Closure))
#6 D:\xampp\htdocs\myappnewnew\migration\app\database\migrations\2017_04_20_111815_checking_field_type.php(20): Illuminate\Support\Facades\Facade::__callStatic('table', Array)
#7 D:\xampp\htdocs\myappnewnew\migration\app\database\migrations\2017_04_20_111815_checking_field_type.php(20): Illuminate\Support\Facades\Schema::table('order', Object(Closure))
#8 D:\xampp\htdocs\myappnewnew\migration\vendor\laravel\framework\src\Illuminate\Database\Migrations\Migrator.php(135): CheckingFieldType->up()
#9 D:\xampp\htdocs\myappnewnew\migration\vendor\laravel\framework\src\Illuminate\Database\Migrations\Migrator.php(111): Illuminate\Database\Migrations\Migrator->runUp('2017_04_20_1118...', 4, false)
#10 D:\xampp\htdocs\myappnewnew\migration\vendor\laravel\framework\src\Illuminate\Database\Migrations\Migrator.php(82): Illuminate\Database\Migrations\Migrator->runMigrationList(Array, false)
#11 D:\xampp\htdocs\myappnewnew\migration\vendor\laravel\framework\src\Illuminate\Database\Console\Migrations\MigrateCommand.php(70): Illuminate\Database\Migrations\Migrator->run('D:\\xampp\\htdocs...', false)
#12 D:\xampp\htdocs\myappnewnew\migration\vendor\laravel\framework\src\Illuminate\Console\Command.php(112): Illuminate\Database\Console\Migrations\MigrateCommand->fire()
#13 D:\xampp\htdocs\myappnewnew\migration\vendor\symfony\console\Command\Command.php(261): Illuminate\Console\Command->execute(Object(Symfony\Component\Console\Input\ArgvInput), Object(Symfony\Component\Console\Output\ConsoleOutput))
#14 D:\xampp\htdocs\myappnewnew\migration\vendor\laravel\framework\src\Illuminate\Console\Command.php(100): Symfony\Component\Console\Command\Command->run(Object(Symfony\Component\Console\Input\ArgvInput), Object(Symfony\Component\Console\Output\ConsoleOutput))
#15 D:\xampp\htdocs\myappnewnew\migration\vendor\symfony\console\Application.php(843): Illuminate\Console\Command->run(Object(Symfony\Component\Console\Input\ArgvInput), Object(Symfony\Component\Console\Output\ConsoleOutput))
#16 D:\xampp\htdocs\myappnewnew\migration\vendor\symfony\console\Application.php(189): Symfony\Component\Console\Application->doRunCommand(Object(Illuminate\Database\Console\Migrations\MigrateCommand), Object(Symfony\Component\Console\Input\ArgvInput), Object(Symfony\Component\Console\Output\ConsoleOutput))
#17 D:\xampp\htdocs\myappnewnew\migration\vendor\symfony\console\Application.php(120): Symfony\Component\Console\Application->doRun(Object(Symfony\Component\Console\Input\ArgvInput), Object(Symfony\Component\Console\Output\ConsoleOutput))
#18 D:\xampp\htdocs\myappnewnew\migration\artisan(59): Symfony\Component\Console\Application->run()
#19 {main} [] []
[2017-04-20 11:21:55] production.ERROR: exception 'PDOException' with message 'SQLSTATE[42S21]: Column already exists: 1060 Duplicate column name 'name'' in D:\xampp\htdocs\myappnewnew\migration\vendor\laravel\framework\src\Illuminate\Database\Connection.php:369
Stack trace:
#0 D:\xampp\htdocs\myappnewnew\migration\vendor\laravel\framework\src\Illuminate\Database\Connection.php(369): PDOStatement->execute(Array)
#1 D:\xampp\htdocs\myappnewnew\migration\vendor\laravel\framework\src\Illuminate\Database\Connection.php(623): Illuminate\Database\Connection->Illuminate\Database\{closure}(Object(Illuminate\Database\MySqlConnection), 'create table `c...', Array)
#2 D:\xampp\htdocs\myappnewnew\migration\vendor\laravel\framework\src\Illuminate\Database\Connection.php(587): Illuminate\Database\Connection->runQueryCallback('create table `c...', Array, Object(Closure))
#3 D:\xampp\htdocs\myappnewnew\migration\vendor\laravel\framework\src\Illuminate\Database\Connection.php(370): Illuminate\Database\Connection->run('create table `c...', Array, Object(Closure))
#4 D:\xampp\htdocs\myappnewnew\migration\vendor\laravel\framework\src\Illuminate\Database\Schema\Blueprint.php(63): Illuminate\Database\Connection->statement('create table `c...')
#5 D:\xampp\htdocs\myappnewnew\migration\vendor\laravel\framework\src\Illuminate\Database\Schema\Builder.php(169): Illuminate\Database\Schema\Blueprint->build(Object(Illuminate\Database\MySqlConnection), Object(Illuminate\Database\Schema\Grammars\MySqlGrammar))
#6 D:\xampp\htdocs\myappnewnew\migration\vendor\laravel\framework\src\Illuminate\Database\Schema\Builder.php(112): Illuminate\Database\Schema\Builder->build(Object(Illuminate\Database\Schema\Blueprint))
#7 D:\xampp\htdocs\myappnewnew\migration\bootstrap\compiled.php(1452): Illuminate\Database\Schema\Builder->create('checking_field_...', Object(Closure))
#8 D:\xampp\htdocs\myappnewnew\migration\app\database\migrations\2017_04_20_111815_checking_field_type.php(24): Illuminate\Support\Facades\Facade::__callStatic('create', Array)
#9 D:\xampp\htdocs\myappnewnew\migration\app\database\migrations\2017_04_20_111815_checking_field_type.php(24): Illuminate\Support\Facades\Schema::create('checking_field_...', Object(Closure))
#10 D:\xampp\htdocs\myappnewnew\migration\vendor\laravel\framework\src\Illuminate\Database\Migrations\Migrator.php(135): CheckingFieldType->up()
#11 D:\xampp\htdocs\myappnewnew\migration\vendor\laravel\framework\src\Illuminate\Database\Migrations\Migrator.php(111): Illuminate\Database\Migrations\Migrator->runUp('2017_04_20_1118...', 4, false)
#12 D:\xampp\htdocs\myappnewnew\migration\vendor\laravel\framework\src\Illuminate\Database\Migrations\Migrator.php(82): Illuminate\Database\Migrations\Migrator->runMigrationList(Array, false)
#13 D:\xampp\htdocs\myappnewnew\migration\vendor\laravel\framework\src\Illuminate\Database\Console\Migrations\MigrateCommand.php(70): Illuminate\Database\Migrations\Migrator->run('D:\\xampp\\htdocs...', false)
#14 D:\xampp\htdocs\myappnewnew\migration\vendor\laravel\framework\src\Illuminate\Console\Command.php(112): Illuminate\Database\Console\Migrations\MigrateCommand->fire()
#15 D:\xampp\htdocs\myappnewnew\migration\vendor\symfony\console\Command\Command.php(261): Illuminate\Console\Command->execute(Object(Symfony\Component\Console\Input\ArgvInput), Object(Symfony\Component\Console\Output\ConsoleOutput))
#16 D:\xampp\htdocs\myappnewnew\migration\vendor\laravel\framework\src\Illuminate\Console\Command.php(100): Symfony\Component\Console\Command\Command->run(Object(Symfony\Component\Console\Input\ArgvInput), Object(Symfony\Component\Console\Output\ConsoleOutput))
#17 D:\xampp\htdocs\myappnewnew\migration\vendor\symfony\console\Application.php(843): Illuminate\Console\Command->run(Object(Symfony\Component\Console\Input\ArgvInput), Object(Symfony\Component\Console\Output\ConsoleOutput))
#18 D:\xampp\htdocs\myappnewnew\migration\vendor\symfony\console\Application.php(189): Symfony\Component\Console\Application->doRunCommand(Object(Illuminate\Database\Console\Migrations\MigrateCommand), Object(Symfony\Component\Console\Input\ArgvInput), Object(Symfony\Component\Console\Output\ConsoleOutput))
#19 D:\xampp\htdocs\myappnewnew\migration\vendor\symfony\console\Application.php(120): Symfony\Component\Console\Application->doRun(Object(Symfony\Component\Console\Input\ArgvInput), Object(Symfony\Component\Console\Output\ConsoleOutput))
#20 D:\xampp\htdocs\myappnewnew\migration\artisan(59): Symfony\Component\Console\Application->run()
#21 {main}

Next exception 'Illuminate\Database\QueryException' with message 'SQLSTATE[42S21]: Column already exists: 1060 Duplicate column name 'name' (SQL: create table `checking_field_type` (`primary_id` int unsigned not null auto_increment primary key, `active` tinyint(1) not null, `name` char(225) not null, `position` int unsigned not null, `position_checking` int not null, `name` char(225) not null, `name` char(225) not null) default character set utf8 collate utf8_unicode_ci)' in D:\xampp\htdocs\myappnewnew\migration\vendor\laravel\framework\src\Illuminate\Database\Connection.php:631
Stack trace:
#0 D:\xampp\htdocs\myappnewnew\migration\vendor\laravel\framework\src\Illuminate\Database\Connection.php(587): Illuminate\Database\Connection->runQueryCallback('create table `c...', Array, Object(Closure))
#1 D:\xampp\htdocs\myappnewnew\migration\vendor\laravel\framework\src\Illuminate\Database\Connection.php(370): Illuminate\Database\Connection->run('create table `c...', Array, Object(Closure))
#2 D:\xampp\htdocs\myappnewnew\migration\vendor\laravel\framework\src\Illuminate\Database\Schema\Blueprint.php(63): Illuminate\Database\Connection->statement('create table `c...')
#3 D:\xampp\htdocs\myappnewnew\migration\vendor\laravel\framework\src\Illuminate\Database\Schema\Builder.php(169): Illuminate\Database\Schema\Blueprint->build(Object(Illuminate\Database\MySqlConnection), Object(Illuminate\Database\Schema\Grammars\MySqlGrammar))
#4 D:\xampp\htdocs\myappnewnew\migration\vendor\laravel\framework\src\Illuminate\Database\Schema\Builder.php(112): Illuminate\Database\Schema\Builder->build(Object(Illuminate\Database\Schema\Blueprint))
#5 D:\xampp\htdocs\myappnewnew\migration\bootstrap\compiled.php(1452): Illuminate\Database\Schema\Builder->create('checking_field_...', Object(Closure))
#6 D:\xampp\htdocs\myappnewnew\migration\app\database\migrations\2017_04_20_111815_checking_field_type.php(24): Illuminate\Support\Facades\Facade::__callStatic('create', Array)
#7 D:\xampp\htdocs\myappnewnew\migration\app\database\migrations\2017_04_20_111815_checking_field_type.php(24): Illuminate\Support\Facades\Schema::create('checking_field_...', Object(Closure))
#8 D:\xampp\htdocs\myappnewnew\migration\vendor\laravel\framework\src\Illuminate\Database\Migrations\Migrator.php(135): CheckingFieldType->up()
#9 D:\xampp\htdocs\myappnewnew\migration\vendor\laravel\framework\src\Illuminate\Database\Migrations\Migrator.php(111): Illuminate\Database\Migrations\Migrator->runUp('2017_04_20_1118...', 4, false)
#10 D:\xampp\htdocs\myappnewnew\migration\vendor\laravel\framework\src\Illuminate\Database\Migrations\Migrator.php(82): Illuminate\Database\Migrations\Migrator->runMigrationList(Array, false)
#11 D:\xampp\htdocs\myappnewnew\migration\vendor\laravel\framework\src\Illuminate\Database\Console\Migrations\MigrateCommand.php(70): Illuminate\Database\Migrations\Migrator->run('D:\\xampp\\htdocs...', false)
#12 D:\xampp\htdocs\myappnewnew\migration\vendor\laravel\framework\src\Illuminate\Console\Command.php(112): Illuminate\Database\Console\Migrations\MigrateCommand->fire()
#13 D:\xampp\htdocs\myappnewnew\migration\vendor\symfony\console\Command\Command.php(261): Illuminate\Console\Command->execute(Object(Symfony\Component\Console\Input\ArgvInput), Object(Symfony\Component\Console\Output\ConsoleOutput))
#14 D:\xampp\htdocs\myappnewnew\migration\vendor\laravel\framework\src\Illuminate\Console\Command.php(100): Symfony\Component\Console\Command\Command->run(Object(Symfony\Component\Console\Input\ArgvInput), Object(Symfony\Component\Console\Output\ConsoleOutput))
#15 D:\xampp\htdocs\myappnewnew\migration\vendor\symfony\console\Application.php(843): Illuminate\Console\Command->run(Object(Symfony\Component\Console\Input\ArgvInput), Object(Symfony\Component\Console\Output\ConsoleOutput))
#16 D:\xampp\htdocs\myappnewnew\migration\vendor\symfony\console\Application.php(189): Symfony\Component\Console\Application->doRunCommand(Object(Illuminate\Database\Console\Migrations\MigrateCommand), Object(Symfony\Component\Console\Input\ArgvInput), Object(Symfony\Component\Console\Output\ConsoleOutput))
#17 D:\xampp\htdocs\myappnewnew\migration\vendor\symfony\console\Application.php(120): Symfony\Component\Console\Application->doRun(Object(Symfony\Component\Console\Input\ArgvInput), Object(Symfony\Component\Console\Output\ConsoleOutput))
#18 D:\xampp\htdocs\myappnewnew\migration\artisan(59): Symfony\Component\Console\Application->run()
#19 {main} [] []
